<?xml version="1.0" encoding="UTF-8"?>
<robot generator="Robot 7.0 (Python 3.12.0 on win32)" generated="2024-04-07T16:44:37.917075" rpa="false" schemaversion="5">
<suite id="s1" name="Amazon Testes Gherkin Bdd" source="C:\Users\aline\OneDrive\Documentos\Cursos Udemy\RobotFramework\Web Testing\amazon_testes_gherkin_bdd.robot">
<test id="s1-t1" name="Caso de teste 01 - Acesso ao menu &quot;Eletrônicos&quot;" line="9">
<kw name="Abrir o navegador" owner="amazon_resources" type="SETUP">
<kw name="Open Browser" owner="SeleniumLibrary">
<msg time="2024-04-07T16:44:38.277189" level="INFO">Opening browser 'chrome' to base url 'None'.</msg>
<arg>browser=${BROWSER}</arg>
<doc>Opens a new browser instance to the optional ``url``.</doc>
<status status="PASS" start="2024-04-07T16:44:38.277189" elapsed="4.258376"/>
</kw>
<kw name="Maximize Browser Window" owner="SeleniumLibrary">
<doc>Maximizes current browser window.</doc>
<status status="PASS" start="2024-04-07T16:44:42.536563" elapsed="0.302207"/>
</kw>
<status status="PASS" start="2024-04-07T16:44:38.277189" elapsed="4.561581"/>
</kw>
<kw name="Dado que estou na home page do site Amazon.com.br" owner="amazon_resources">
<kw name="Acessar a home page do site Amazon.com.br" owner="amazon_resources">
<kw name="Go To" owner="SeleniumLibrary">
<msg time="2024-04-07T16:44:42.883302" level="INFO">Opening url 'https://www.amazon.com.br/'</msg>
<arg>url=${URL}</arg>
<doc>Navigates the current browser window to the provided ``url``.</doc>
<status status="PASS" start="2024-04-07T16:44:42.882306" elapsed="4.290663"/>
</kw>
<status status="PASS" start="2024-04-07T16:44:42.882306" elapsed="4.290663"/>
</kw>
<status status="PASS" start="2024-04-07T16:44:42.881306" elapsed="4.291663"/>
</kw>
<kw name="Quando acessar o menu &quot;Livros&quot;" owner="amazon_resources">
<kw name="Entrar no menu &quot;Livros&quot;" owner="amazon_resources">
<kw name="Click Element" owner="SeleniumLibrary">
<msg time="2024-04-07T16:44:47.172969" level="INFO">Clicking element '//a[@href='/Livros/b/?ie=UTF8&amp;node=6740748011&amp;ref_=nav_cs_books'][contains(.,'Livros')]'.</msg>
<arg>locator=${MENU_LIVROS}</arg>
<doc>Click the element identified by ``locator``.</doc>
<status status="PASS" start="2024-04-07T16:44:47.172969" elapsed="4.169288"/>
</kw>
<status status="PASS" start="2024-04-07T16:44:47.172969" elapsed="4.169288"/>
</kw>
<status status="PASS" start="2024-04-07T16:44:47.172969" elapsed="4.169288"/>
</kw>
<kw name="Então o título da página fica &quot;Livros | Amazon.com.br&quot;" owner="amazon_resources" source_name="Então o título da página fica &quot;${TITULO}&quot;">
<kw name="Verificar se o título da página fica &quot;${TITULO}&quot;" owner="amazon_resources" source_name="Verificar se o título da página fica &quot;${TITULO}&quot;">
<kw name="Title Should Be" owner="SeleniumLibrary">
<msg time="2024-04-07T16:44:51.610106" level="INFO">Page title is 'Livros | Amazon.com.br'.</msg>
<arg>title=${TITULO}</arg>
<doc>Verifies that the current page title equals ``title``.</doc>
<status status="PASS" start="2024-04-07T16:44:51.375895" elapsed="0.234211"/>
</kw>
<status status="PASS" start="2024-04-07T16:44:51.375895" elapsed="0.234211"/>
</kw>
<status status="PASS" start="2024-04-07T16:44:51.374898" elapsed="0.236196"/>
</kw>
<kw name="E aparece a frase &quot;Loja de Livros&quot;" owner="amazon_resources" source_name="E aparece a frase &quot;${TITULO}&quot;">
<kw name="Verificar se aparece a frase &quot;${TITULO}&quot;" owner="amazon_resources" source_name="Verificar se aparece a frase &quot;${TITULO}&quot;">
<kw name="Element Text Should Be" owner="SeleniumLibrary">
<msg time="2024-04-07T16:44:51.647827" level="INFO">Verifying element '//h2[contains(.,'Loja de Livros')]' contains exact text 'Loja de Livros'.</msg>
<arg>locator=//h2[contains(.,'${TITULO}')]</arg>
<arg>expected=${TITULO}</arg>
<doc>Verifies that element ``locator`` contains exact the text ``expected``.</doc>
<status status="PASS" start="2024-04-07T16:44:51.647827" elapsed="0.181940"/>
</kw>
<status status="PASS" start="2024-04-07T16:44:51.646829" elapsed="0.182938"/>
</kw>
<status status="PASS" start="2024-04-07T16:44:51.646829" elapsed="0.182938"/>
</kw>
<kw name="E aparece a categoria &quot;Livros em Oferta&quot;" owner="amazon_resources" source_name="E aparece a categoria &quot;${CATEGORIA}&quot;">
<kw name="Verificar se aparece a categoria &quot;${CATEGORIA}&quot;" owner="amazon_resources" source_name="Verificar se aparece a categoria &quot;${CATEGORIA}&quot;">
<kw name="Page Should Contain Image" owner="SeleniumLibrary">
<msg time="2024-04-07T16:44:51.943347" level="INFO">Current page contains image '//img[@src='https://m.media-amazon.com/images/G/32/br-books/2021/November/NewPage_BooksStore/Botoes_Menu/Pequeno/Botoes_19._CB650809174_.jpg']'.</msg>
<arg>locator=${LOCATOR_CATEGORIA_LIVRO}</arg>
<arg>message=${CATEGORIA}</arg>
<doc>Verifies image identified by ``locator`` is found from current page.</doc>
<status status="PASS" start="2024-04-07T16:44:51.845833" elapsed="0.097514"/>
</kw>
<status status="PASS" start="2024-04-07T16:44:51.845833" elapsed="0.097514"/>
</kw>
<status status="PASS" start="2024-04-07T16:44:51.844842" elapsed="0.098505"/>
</kw>
<kw name="Fechar o navegador" owner="amazon_resources" type="TEARDOWN">
<kw name="Capture Page Screenshot" owner="SeleniumLibrary">
<msg time="2024-04-07T16:44:52.633852" level="INFO" html="true">&lt;/td&gt;&lt;/tr&gt;&lt;tr&gt;&lt;td colspan="3"&gt;&lt;a href="selenium-screenshot-10.png"&gt;&lt;img src="selenium-screenshot-10.png" width="800px"&gt;&lt;/a&gt;</msg>
<doc>Takes a screenshot of the current page and embeds it into a log file.</doc>
<status status="PASS" start="2024-04-07T16:44:51.945342" elapsed="0.688510"/>
</kw>
<kw name="Close Browser" owner="SeleniumLibrary">
<doc>Closes the current browser.</doc>
<status status="PASS" start="2024-04-07T16:44:52.633852" elapsed="2.659494"/>
</kw>
<status status="PASS" start="2024-04-07T16:44:51.944344" elapsed="3.349002"/>
</kw>
<doc>Esse teste verifica o menu "Eletrônicos" do site da Amazon.com.br
E verifica a categoria "Computadores e Informática"</doc>
<tag>categoria</tag>
<tag>menus</tag>
<status status="PASS" start="2024-04-07T16:44:38.277189" elapsed="17.016157"/>
</test>
<test id="s1-t2" name="Caso de teste 02 - Pesquisa de um produto" line="19">
<kw name="Abrir o navegador" owner="amazon_resources" type="SETUP">
<kw name="Open Browser" owner="SeleniumLibrary">
<msg time="2024-04-07T16:44:55.293346" level="INFO">Opening browser 'chrome' to base url 'None'.</msg>
<arg>browser=${BROWSER}</arg>
<doc>Opens a new browser instance to the optional ``url``.</doc>
<status status="PASS" start="2024-04-07T16:44:55.293346" elapsed="3.109399"/>
</kw>
<kw name="Maximize Browser Window" owner="SeleniumLibrary">
<doc>Maximizes current browser window.</doc>
<status status="PASS" start="2024-04-07T16:44:58.402745" elapsed="0.273296"/>
</kw>
<status status="PASS" start="2024-04-07T16:44:55.293346" elapsed="3.382695"/>
</kw>
<kw name="Dado que estou na home page do site Amazon.com.br" owner="amazon_resources">
<kw name="Acessar a home page do site Amazon.com.br" owner="amazon_resources">
<kw name="Go To" owner="SeleniumLibrary">
<msg time="2024-04-07T16:44:58.676041" level="INFO">Opening url 'https://www.amazon.com.br/'</msg>
<arg>url=${URL}</arg>
<doc>Navigates the current browser window to the provided ``url``.</doc>
<status status="PASS" start="2024-04-07T16:44:58.676041" elapsed="3.246779"/>
</kw>
<status status="PASS" start="2024-04-07T16:44:58.676041" elapsed="3.246779"/>
</kw>
<status status="PASS" start="2024-04-07T16:44:58.676041" elapsed="3.246779"/>
</kw>
<kw name="Quando digitar o nome do produto &quot;Xbox Series S&quot; no campo de pesquisa" owner="amazon_resources" source_name="Quando digitar o nome do produto &quot;${PRODUTO}&quot; no campo de pesquisa">
<kw name="Digitar o nome do produto &quot;${PRODUTO}&quot; no campo de pesquisa" owner="amazon_resources" source_name="Digitar o nome do produto &quot;${PRODUTO}&quot; no campo de pesquisa">
<kw name="Input Text" owner="SeleniumLibrary">
<msg time="2024-04-07T16:45:01.930341" level="INFO">Typing text 'Xbox Series S' into text field '//input[contains(@type,'text')]'.</msg>
<arg>locator=${LOCATOR_PRODUTO}</arg>
<arg>text=${PRODUTO}</arg>
<doc>Types the given ``text`` into the text field identified by ``locator``.</doc>
<status status="PASS" start="2024-04-07T16:45:01.929345" elapsed="0.528113"/>
</kw>
<status status="PASS" start="2024-04-07T16:45:01.928349" elapsed="0.530107"/>
</kw>
<status status="PASS" start="2024-04-07T16:45:01.927348" elapsed="0.531108"/>
</kw>
<kw name="E clicar no botão de pesquisa" owner="amazon_resources">
<kw name="Clicar no botão de pesquisa" owner="amazon_resources">
<kw name="Click Button" owner="SeleniumLibrary">
<msg time="2024-04-07T16:45:02.459655" level="INFO">Clicking button '//input[contains(@type,'submit')]'.</msg>
<arg>locator=${LOCATOR_BOTAO_PESQUISAR}</arg>
<doc>Clicks the button identified by ``locator``.</doc>
<status status="PASS" start="2024-04-07T16:45:02.459655" elapsed="2.947583"/>
</kw>
<status status="PASS" start="2024-04-07T16:45:02.459655" elapsed="2.947583"/>
</kw>
<status status="PASS" start="2024-04-07T16:45:02.459655" elapsed="2.947583"/>
</kw>
<kw name="Então o resultado da pesquisa deve estar listando o produto &quot;Xbox Series S&quot;" owner="amazon_resources" source_name="Então o resultado da pesquisa deve estar listando o produto &quot;${PRODUTO}&quot;">
<kw name="Verificar o resultado da pesquisa se está listando o produto &quot;${PRODUTO}&quot;" owner="amazon_resources" source_name="Verificar o resultado da pesquisa se está listando o produto &quot;${PRODUTO}&quot;">
<kw name="Page Should Contain" owner="SeleniumLibrary">
<msg time="2024-04-07T16:45:05.492865" level="INFO">Current page contains text 'Xbox Series S'.</msg>
<arg>text=${PRODUTO}</arg>
<doc>Verifies that current page contains ``text``.</doc>
<status status="PASS" start="2024-04-07T16:45:05.410218" elapsed="0.082647"/>
</kw>
<status status="PASS" start="2024-04-07T16:45:05.410218" elapsed="0.082647"/>
</kw>
<status status="PASS" start="2024-04-07T16:45:05.409220" elapsed="0.083645"/>
</kw>
<kw name="Fechar o navegador" owner="amazon_resources" type="TEARDOWN">
<kw name="Capture Page Screenshot" owner="SeleniumLibrary">
<msg time="2024-04-07T16:45:05.988044" level="INFO" html="true">&lt;/td&gt;&lt;/tr&gt;&lt;tr&gt;&lt;td colspan="3"&gt;&lt;a href="selenium-screenshot-11.png"&gt;&lt;img src="selenium-screenshot-11.png" width="800px"&gt;&lt;/a&gt;</msg>
<doc>Takes a screenshot of the current page and embeds it into a log file.</doc>
<status status="PASS" start="2024-04-07T16:45:05.494860" elapsed="0.494185"/>
</kw>
<kw name="Close Browser" owner="SeleniumLibrary">
<doc>Closes the current browser.</doc>
<status status="PASS" start="2024-04-07T16:45:05.989045" elapsed="2.883662"/>
</kw>
<status status="PASS" start="2024-04-07T16:45:05.493863" elapsed="3.378844"/>
</kw>
<doc>Esse teste verifica a busca de um produto</doc>
<tag>busca_produtos</tag>
<tag>lista_busca</tag>
<status status="PASS" start="2024-04-07T16:44:55.293346" elapsed="13.579361"/>
</test>
<doc>Essa suite testa o site da Amazon.com.br</doc>
<status status="PASS" start="2024-04-07T16:44:37.917075" elapsed="30.955632"/>
</suite>
<statistics>
<total>
<stat pass="2" fail="0" skip="0">All Tests</stat>
</total>
<tag>
<stat pass="1" fail="0" skip="0">busca_produtos</stat>
<stat pass="1" fail="0" skip="0">categoria</stat>
<stat pass="1" fail="0" skip="0">lista_busca</stat>
<stat pass="1" fail="0" skip="0">menus</stat>
</tag>
<suite>
<stat pass="2" fail="0" skip="0" id="s1" name="Amazon Testes Gherkin Bdd">Amazon Testes Gherkin Bdd</stat>
</suite>
</statistics>
<errors>
</errors>
</robot>
